<?xml version="1.0" encoding="UTF-8"?>
<!-- Generated by org.testng.reporters.JUnitXMLReporter -->
<testsuite ignored="1" hostname="Aryans-MacBook-Pro.local" failures="0" tests="1" name="Default test" time="3.372" errors="0" timestamp="2024-06-13T10:45:50 IST">
  <testcase classname="api.test.PetTestsViaProperties" name="addPetToStore" time="3.268"/>
  <testcase classname="api.test.PetTestsViaProperties" name="getPetById" time="0.0">
    <ignored/>
  </testcase> <!-- getPetById -->
</testsuite> <!-- Default test -->
