<?xml version="1.0" encoding="UTF-8"?>
<!-- Generated by org.testng.reporters.JUnitXMLReporter -->
<testsuite ignored="3" hostname="Aryans-MacBook-Pro.local" failures="0" tests="3" name="Default test" time="6.56" errors="0" timestamp="2024-07-03T20:56:22 IST">
  <testcase classname="api.test.UserTestsDataDriven" name="deleteUser" time="2.777"/>
  <testcase classname="api.test.UserTestsDataDriven" name="deleteUser" time="1.506"/>
  <testcase classname="api.test.UserTestsDataDriven" name="deleteUser" time="1.24"/>
  <testcase classname="api.test.UserTestsDataDriven" name="postUser" time="0.0">
    <ignored/>
  </testcase> <!-- postUser -->
  <testcase classname="api.test.UserTestsDataDriven" name="getUser" time="0.0">
    <ignored/>
  </testcase> <!-- getUser -->
  <testcase classname="api.test.UserTestsDataDriven" name="updateUser" time="0.0">
    <ignored/>
  </testcase> <!-- updateUser -->
</testsuite> <!-- Default test -->
