<?xml version="1.0" encoding="UTF-8"?>
<!-- Generated by org.testng.reporters.JUnitXMLReporter -->
<testsuite ignored="0" hostname="Aryans-MacBook-Pro.local" failures="0" tests="4" name="Test" time="10.787" errors="0" timestamp="2024-06-07T22:01:42 IST">
  <testcase classname="api.test.UserTestsViaProperties" name="testPutUser" time="4.513"/>
  <testcase classname="api.test.UserTestsViaProperties" name="testGetUser" time="1.438"/>
  <testcase classname="api.test.UserTestsViaProperties" name="testUpdateUser" time="2.862"/>
  <testcase classname="api.test.UserTestsViaProperties" name="testDeleteUser" time="1.368"/>
</testsuite> <!-- Test -->
