<?xml version="1.0" encoding="UTF-8"?>
<!-- Generated by org.testng.reporters.JUnitXMLReporter -->
<testsuite ignored="0" hostname="Aryans-MacBook-Pro.local" failures="1" tests="2" name="Test" time="5.238" errors="0" timestamp="2024-06-13T10:44:53 IST">
  <testcase classname="api.test.PetTestsViaProperties" name="addPetToStore" time="3.405"/>
  <testcase classname="api.test.PetTestsViaProperties" name="getPetById" time="1.425">
    <failure type="java.lang.AssertionError" message="expected [200] but found [404]">
      <![CDATA[java.lang.AssertionError: expected [200] but found [404]
at api.test.PetTestsViaProperties.getPetById(PetTestsViaProperties.java:46)
at java.base/java.util.ArrayList.forEach(ArrayList.java:1511)
... Removed 34 stack frames]]>
    </failure>
  </testcase> <!-- getPetById -->
</testsuite> <!-- Test -->
