<?xml version="1.0" encoding="UTF-8"?>
<!-- Generated by org.testng.reporters.JUnitXMLReporter -->
<testsuite ignored="0" hostname="Aryans-MacBook-Pro.local" failures="0" tests="6" name="Test" time="11.828" errors="0" timestamp="2024-06-09T20:48:10 IST">
  <testcase classname="api.test.DataDrivenTests" name="testPostUser" time="3.561"/>
  <testcase classname="api.test.DataDrivenTests" name="testPostUser" time="1.293"/>
  <testcase classname="api.test.DataDrivenTests" name="testPostUser" time="1.331"/>
  <testcase classname="api.test.DataDrivenTests" name="testDeleteUserByUsername" time="1.289"/>
  <testcase classname="api.test.DataDrivenTests" name="testDeleteUserByUsername" time="1.274"/>
  <testcase classname="api.test.DataDrivenTests" name="testDeleteUserByUsername" time="1.283"/>
</testsuite> <!-- Test -->
