<?xml version="1.0" encoding="UTF-8"?>
<!-- Generated by org.testng.reporters.JUnitXMLReporter -->
<testsuite ignored="0" hostname="Aryans-MacBook-Pro.local" failures="0" tests="12" name="Test" time="24.883" errors="0" timestamp="2024-07-04T00:26:57 IST">
  <testcase classname="api.test.UserTestsDataDriven" name="postUser" time="2.923"/>
  <testcase classname="api.test.UserTestsDataDriven" name="postUser" time="1.391"/>
  <testcase classname="api.test.UserTestsDataDriven" name="postUser" time="1.474"/>
  <testcase classname="api.test.UserTestsDataDriven" name="getUser" time="1.434"/>
  <testcase classname="api.test.UserTestsDataDriven" name="getUser" time="1.385"/>
  <testcase classname="api.test.UserTestsDataDriven" name="getUser" time="1.377"/>
  <testcase classname="api.test.UserTestsDataDriven" name="updateUser" time="2.821"/>
  <testcase classname="api.test.UserTestsDataDriven" name="updateUser" time="2.781"/>
  <testcase classname="api.test.UserTestsDataDriven" name="updateUser" time="2.854"/>
  <testcase classname="api.test.UserTestsDataDriven" name="deleteUser" time="1.623"/>
  <testcase classname="api.test.UserTestsDataDriven" name="deleteUser" time="1.392"/>
  <testcase classname="api.test.UserTestsDataDriven" name="deleteUser" time="1.38"/>
</testsuite> <!-- Test -->
