<?xml version="1.0" encoding="UTF-8"?>
<testsuite xmlns:xsi="http://www.w3.org/2001/XMLSchema-instance" xsi:noNamespaceSchemaLocation="https://maven.apache.org/surefire/maven-surefire-plugin/xsd/surefire-test-report-3.0.xsd" version="3.0" name="TestSuite" time="12.622" tests="6" errors="0" skipped="0" failures="0">
  <properties>
[...]
</properties>
  <testcase name="testPostUser[1001, testuser1, Bobby, Sharma, a@gmail.com, pass1, 123456789](1)" classname="api.test.DataDrivenTests" time="3.57">
    <system-err><![CDATA[SLF4J: Failed to load class "org.slf4j.impl.StaticLoggerBinder".
SLF4J: Defaulting to no-operation (NOP) logger implementation
SLF4J: See http://www.slf4j.org/codes.html#StaticLoggerBinder for further details.
ERROR StatusLogger Log4j2 could not find a logging implementation. Please add log4j-core to the classpath. Using SimpleLogger to log to the console...
]]></system-err>
  </testcase>
  <testcase name="testPostUser[1002, testuser2, Akash, Gupta, b@gmail.com, pass2, 123456789](2)" classname="api.test.DataDrivenTests" time="1.292"/>
  <testcase name="testPostUser[1003, testuser3, Honey, Agarwal, c@gmail.com, pass3, 123456789](3)" classname="api.test.DataDrivenTests" time="1.332"/>
  <testcase name="testDeleteUserByUsername[testuser1](1)" classname="api.test.DataDrivenTests" time="1.29"/>
  <testcase name="testDeleteUserByUsername[testuser2](2)" classname="api.test.DataDrivenTests" time="1.276"/>
  <testcase name="testDeleteUserByUsername[testuser3](3)" classname="api.test.DataDrivenTests" time="1.283"/>
</testsuite>