<?xml version="1.0" encoding="UTF-8"?>
<testng-results ignored="0" total="4" passed="4" failed="0" skipped="0">
  <reporter-output>
  </reporter-output>
  <suite started-at="2024-06-08T11:15:38 IST" name="Suite" finished-at="2024-06-08T11:15:49 IST" duration-ms="10334">
    <groups>
    </groups>
    <test started-at="2024-06-08T11:15:38 IST" name="Test" finished-at="2024-06-08T11:15:49 IST" duration-ms="10334">
      <class name="api.test.UserTestsViaProperties">
        <test-method is-config="true" signature="setup()[pri:0, instance:api.test.UserTestsViaProperties@48fa0f47]" started-at="2024-06-08T11:15:39 IST" name="setup" finished-at="2024-06-08T11:15:39 IST" duration-ms="273" status="PASS">
          <reporter-output>
          </reporter-output>
        </test-method> <!-- setup -->
        <test-method signature="testPutUser()[pri:1, instance:api.test.UserTestsViaProperties@48fa0f47]" started-at="2024-06-08T11:15:39 IST" name="testPutUser" finished-at="2024-06-08T11:15:43 IST" duration-ms="4114" status="PASS">
          <reporter-output>
          </reporter-output>
        </test-method> <!-- testPutUser -->
        <test-method signature="testGetUser()[pri:2, instance:api.test.UserTestsViaProperties@48fa0f47]" started-at="2024-06-08T11:15:43 IST" name="testGetUser" finished-at="2024-06-08T11:15:45 IST" duration-ms="1387" status="PASS">
          <reporter-output>
          </reporter-output>
        </test-method> <!-- testGetUser -->
        <test-method signature="testUpdateUser()[pri:3, instance:api.test.UserTestsViaProperties@48fa0f47]" started-at="2024-06-08T11:15:45 IST" name="testUpdateUser" finished-at="2024-06-08T11:15:47 IST" duration-ms="2783" status="PASS">
          <reporter-output>
          </reporter-output>
        </test-method> <!-- testUpdateUser -->
        <test-method signature="testDeleteUser()[pri:4, instance:api.test.UserTestsViaProperties@48fa0f47]" started-at="2024-06-08T11:15:47 IST" name="testDeleteUser" finished-at="2024-06-08T11:15:49 IST" duration-ms="1339" status="PASS">
          <reporter-output>
          </reporter-output>
        </test-method> <!-- testDeleteUser -->
      </class> <!-- api.test.UserTestsViaProperties -->
    </test> <!-- Test -->
  </suite> <!-- Suite -->
</testng-results>
