<?xml version="1.0" encoding="UTF-8"?>
<testng-results ignored="0" total="1" passed="1" failed="0" skipped="0">
  <reporter-output>
  </reporter-output>
  <suite started-at="2024-06-13T10:45:47 IST" name="Default suite" finished-at="2024-06-13T10:45:50 IST" duration-ms="3372">
    <groups>
    </groups>
    <test started-at="2024-06-13T10:45:47 IST" name="Default test" finished-at="2024-06-13T10:45:50 IST" duration-ms="3372">
      <class name="api.test.PetTestsViaProperties">
        <test-method is-config="true" signature="setup()[pri:0, instance:api.test.PetTestsViaProperties@449a4f23]" started-at="2024-06-13T10:45:47 IST" name="setup" finished-at="2024-06-13T10:45:47 IST" duration-ms="62" status="PASS">
          <reporter-output>
          </reporter-output>
        </test-method> <!-- setup -->
        <test-method signature="addPetToStore()[pri:1, instance:api.test.PetTestsViaProperties@449a4f23]" started-at="2024-06-13T10:45:47 IST" name="addPetToStore" finished-at="2024-06-13T10:45:50 IST" duration-ms="3268" status="PASS">
          <reporter-output>
          </reporter-output>
        </test-method> <!-- addPetToStore -->
      </class> <!-- api.test.PetTestsViaProperties -->
    </test> <!-- Default test -->
  </suite> <!-- Default suite -->
</testng-results>
