<?xml version="1.0" encoding="UTF-8"?>
<!-- Generated by org.testng.reporters.JUnitReportReporter -->
<testsuite hostname="Aryans-MacBook-Pro.local" failures="0" tests="6" name="api.test.DataDrivenTests" time="10.857" errors="0" timestamp="2024-06-07T13:18:41 IST" skipped="0">
  <testcase classname="api.test.DataDrivenTests" name="testPostUser" time="3.048"/>
  <testcase classname="api.test.DataDrivenTests" name="testPostUser" time="1.783"/>
  <testcase classname="api.test.DataDrivenTests" name="testPostUser" time="1.732"/>
  <testcase classname="api.test.DataDrivenTests" name="testDeleteUserByUsername" time="1.458"/>
  <testcase classname="api.test.DataDrivenTests" name="testDeleteUserByUsername" time="1.393"/>
  <testcase classname="api.test.DataDrivenTests" name="testDeleteUserByUsername" time="1.443"/>
</testsuite> <!-- api.test.DataDrivenTests -->
